07/14/2020 10:24:12 AM - CheckHandle - INFO: testunvwkwmo.silamoney.eth
07/14/2020 10:24:13 AM - CheckHandle - INFO: {'message': 'saty is taken.', 'reference': 'bd5b8b60-fabf-49d8-9b58-768c11114acd', 'status': 'FAILURE'}
07/14/2020 10:25:59 AM - CheckHandle - INFO: testxnbzbpfb.silamoney.eth
07/14/2020 10:25:59 AM - CheckHandle - INFO: {'message': 'testxnbzbpfb is available!', 'reference': '8e6ca6c0-3c05-4d7a-80a7-f964e6ae70df', 'status': 'SUCCESS'}
07/14/2020 10:26:00 AM - CheckHandle - INFO: {'message': 'saty is taken.', 'reference': '5b6b268e-2508-4c95-a4db-69f5d63dd8c0', 'status': 'FAILURE'}
07/14/2020 10:29:25 AM - CheckHandle - INFO: {'message': 'saty is taken.', 'reference': '460c6433-b953-47c4-8103-ef5d39ee71c6', 'status': 'FAILURE'}
07/14/2020 10:33:54 AM - CheckHandle - INFO: testuuprfyzp.silamoney.eth
07/14/2020 10:33:54 AM - CheckHandle - INFO: {'message': 'testuuprfyzp is available!', 'reference': 'a36d7857-7d6f-4481-b5ce-4a55dc226003', 'status': 'SUCCESS'}
07/14/2020 10:33:57 AM - CheckHandle - INFO: {'message': 'saty is taken.', 'reference': 'afe25346-7db1-4929-94b7-8f387d06db92', 'status': 'FAILURE'}
07/14/2020 10:35:16 AM - CheckHandle - INFO: testckxtmzfg.silamoney.eth
07/14/2020 10:35:16 AM - CheckHandle - INFO: {'message': 'testckxtmzfg is available!', 'reference': '1c53e99e-00e9-4b73-a8fa-8167d2270323', 'status': 'SUCCESS'}
07/14/2020 10:35:17 AM - CheckHandle - INFO: {'message': 'saty is taken.', 'reference': '45f742c3-8ba7-414c-b91d-38ab344c49f8', 'status': 'FAILURE'}
07/14/2020 10:35:49 AM - CheckHandle - INFO: testrgtjgwhi.silamoney.eth
07/14/2020 10:35:49 AM - CheckHandle - INFO: {'message': 'testrgtjgwhi is available!', 'reference': '2e36cc90-27bd-4256-b6a0-aa55cec5d649', 'status': 'SUCCESS'}
07/14/2020 10:35:49 AM - CheckHandle - INFO: {'message': 'saty is taken.', 'reference': '1faa97dd-ff9a-42ed-be69-e9f0370a7347', 'status': 'FAILURE'}
07/14/2020 10:36:44 AM - CheckHandle - INFO: testaloumpfw.silamoney.eth
07/14/2020 10:36:44 AM - CheckHandle - INFO: {'message': 'testaloumpfw is available!', 'reference': 'a44005f8-0731-4038-b876-82faffb25e8b', 'status': 'SUCCESS'}
07/14/2020 10:36:44 AM - CheckHandle - INFO: testaloumpfwis available!
07/14/2020 10:36:45 AM - CheckHandle - INFO: {'message': 'saty is taken.', 'reference': '38bbc122-2baa-4fc8-8953-855bf9b276ae', 'status': 'FAILURE'}
07/14/2020 12:59:58 PM - CheckHandle - INFO: {'message': 'testfrqcrbqs is available!', 'reference': '70e89c8d-636e-4a3b-bae9-06682dfb249a', 'status': 'SUCCESS'}
07/14/2020 12:59:58 PM - CheckHandle - INFO: {'message': 'saty is taken.', 'reference': '9fe13e0f-eb41-49a6-bfb0-9ab8a5edb991', 'status': 'FAILURE'}
07/14/2020 01:10:15 PM - CheckHandle - INFO: {'message': 'testvhzhfrup is available!', 'reference': 'b08a62ca-f9a1-44c6-8241-fbab6f266df2', 'status': 'SUCCESS'}
07/14/2020 01:10:16 PM - CheckHandle - INFO: {'message': 'saty is taken.', 'reference': '345b547d-7e04-450e-9ae6-ed4565a6c9d8', 'status': 'FAILURE'}
07/14/2020 01:24:00 PM - CheckHandle - INFO: {'message': 'testgtlwiarl is available!', 'reference': 'a1b9f36c-ac59-4df3-b3af-ac1f62bde51b', 'status': 'SUCCESS'}
07/14/2020 01:24:01 PM - CheckHandle - INFO: {'message': 'saty is taken.', 'reference': 'ab229525-eefe-4e6c-8584-c02d742437d5', 'status': 'FAILURE'}
07/14/2020 01:25:00 PM - CheckHandle - INFO: {'message': 'testwsulcwjs is available!', 'reference': 'e547d29e-e9ca-404f-bdf8-df46570e40ca', 'status': 'SUCCESS'}
07/14/2020 01:25:01 PM - CheckHandle - INFO: {'message': 'saty is taken.', 'reference': '3dd60ecb-de4a-4798-90b4-0a1d5dc308b4', 'status': 'FAILURE'}
07/14/2020 01:27:39 PM - CheckHandle - INFO: {'message': 'testutuzmsve is available!', 'reference': 'b642c568-2d70-41ac-ab69-92dcb10f2731', 'status': 'SUCCESS'}
07/14/2020 01:27:39 PM - CheckHandle - INFO: {'message': 'saty is taken.', 'reference': 'e9fba9f8-8778-418b-b2a0-604536ee18bd', 'status': 'FAILURE'}
